c:\users\2220097\desktop\abyssengine\x64\debug\dxsystem.obj
c:\users\2220097\desktop\abyssengine\x64\debug\component.obj
c:\users\2220097\desktop\abyssengine\x64\debug\renderer.obj
c:\users\2220097\desktop\abyssengine\x64\debug\transform.obj
c:\users\2220097\desktop\abyssengine\x64\debug\actor.obj
c:\users\2220097\desktop\abyssengine\x64\debug\main.obj
c:\users\2220097\desktop\abyssengine\x64\debug\spriterenderer.obj
c:\users\2220097\desktop\abyssengine\x64\debug\engine.obj
c:\users\2220097\desktop\abyssengine\x64\debug\testscene.obj
c:\users\2220097\desktop\abyssengine\x64\debug\scenemanager.obj
c:\users\2220097\desktop\abyssengine\x64\debug\texture.obj
c:\users\2220097\desktop\abyssengine\x64\debug\mathhelper.obj
c:\users\2220097\desktop\abyssengine\x64\debug\systemfunction.obj
c:\users\2220097\desktop\abyssengine\x64\debug\shader.obj
c:\users\2220097\desktop\abyssengine\x64\debug\assetmanager.obj
c:\users\2220097\desktop\abyssengine\x64\debug\object.obj
c:\users\2220097\desktop\abyssengine\x64\debug\scene.obj
c:\users\2220097\desktop\abyssengine\x64\debug\abyssengine.ilk
c:\users\2220097\desktop\abyssengine\x64\debug\abyssengine.exe
c:\users\2220097\desktop\abyssengine\x64\debug\abyssengine.pdb
c:\users\2220097\desktop\abyssengine\x64\debug\vc143.idb
c:\users\2220097\desktop\abyssengine\x64\debug\vc143.pdb
c:\users\2220097\desktop\abyssengine\x64\debug\abyssengine.tlog\cl.command.1.tlog
c:\users\2220097\desktop\abyssengine\x64\debug\abyssengine.tlog\cl.items.tlog
c:\users\2220097\desktop\abyssengine\x64\debug\abyssengine.tlog\cl.read.1.tlog
c:\users\2220097\desktop\abyssengine\x64\debug\abyssengine.tlog\cl.write.1.tlog
c:\users\2220097\desktop\abyssengine\x64\debug\abyssengine.tlog\link.command.1.tlog
c:\users\2220097\desktop\abyssengine\x64\debug\abyssengine.tlog\link.read.1.tlog
c:\users\2220097\desktop\abyssengine\x64\debug\abyssengine.tlog\link.write.1.tlog
